{"C:\\Users\\Elwin\\Documents\\Futureproof\\Course\\LAP_1\\Week_4\\project-journal\\server\\journal-server\\app.js": {"path":"C:\\Users\\Elwin\\Documents\\Futureproof\\Course\\LAP_1\\Week_4\\project-journal\\server\\journal-server\\app.js","statementMap":{"0":{"start":{"line":1,"column":16},"end":{"line":1,"column":34}},"1":{"start":{"line":2,"column":19},"end":{"line":2,"column":41}},"2":{"start":{"line":3,"column":13},"end":{"line":3,"column":28}},"3":{"start":{"line":5,"column":12},"end":{"line":5,"column":21}},"4":{"start":{"line":6,"column":0},"end":{"line":6,"column":27}},"5":{"start":{"line":7,"column":0},"end":{"line":7,"column":16}},"6":{"start":{"line":9,"column":20},"end":{"line":9,"column":52}},"7":{"start":{"line":10,"column":0},"end":{"line":10,"column":33}},"8":{"start":{"line":12,"column":0},"end":{"line":14,"column":3}},"9":{"start":{"line":13,"column":4},"end":{"line":13,"column":29}},"10":{"start":{"line":19,"column":0},"end":{"line":19,"column":21}}},"fnMap":{"0":{"name":"(anonymous_0)","decl":{"start":{"line":12,"column":13},"end":{"line":12,"column":14}},"loc":{"start":{"line":12,"column":27},"end":{"line":14,"column":1}},"line":12}},"branchMap":{},"s":{"0":1,"1":1,"2":1,"3":1,"4":1,"5":1,"6":1,"7":1,"8":1,"9":1,"10":1},"f":{"0":1},"b":{},"_coverageSchema":"1a1c01bbd47fc00a2c39e90264f33305004495a9","hash":"54b65a73263a3aa090420323c2500ecb570cac7b"}
,"C:\\Users\\Elwin\\Documents\\Futureproof\\Course\\LAP_1\\Week_4\\project-journal\\server\\journal-server\\data.js": {"path":"C:\\Users\\Elwin\\Documents\\Futureproof\\Course\\LAP_1\\Week_4\\project-journal\\server\\journal-server\\data.js","statementMap":{"0":{"start":{"line":1,"column":16},"end":{"line":14,"column":1}},"1":{"start":{"line":16,"column":0},"end":{"line":16,"column":25}}},"fnMap":{},"branchMap":{},"s":{"0":2,"1":2},"f":{},"b":{},"_coverageSchema":"1a1c01bbd47fc00a2c39e90264f33305004495a9","hash":"433197604f277a4f9e618f5d713aef84da926ffd"}
,"C:\\Users\\Elwin\\Documents\\Futureproof\\Course\\LAP_1\\Week_4\\project-journal\\server\\journal-server\\controllers\\entries.js": {"path":"C:\\Users\\Elwin\\Documents\\Futureproof\\Course\\LAP_1\\Week_4\\project-journal\\server\\journal-server\\controllers\\entries.js","statementMap":{"0":{"start":{"line":1,"column":16},"end":{"line":1,"column":34}},"1":{"start":{"line":2,"column":15},"end":{"line":2,"column":31}},"2":{"start":{"line":4,"column":14},"end":{"line":4,"column":40}},"3":{"start":{"line":6,"column":0},"end":{"line":9,"column":2}},"4":{"start":{"line":7,"column":20},"end":{"line":7,"column":29}},"5":{"start":{"line":8,"column":4},"end":{"line":8,"column":22}},"6":{"start":{"line":11,"column":0},"end":{"line":15,"column":2}},"7":{"start":{"line":12,"column":17},"end":{"line":12,"column":25}},"8":{"start":{"line":13,"column":21},"end":{"line":13,"column":39}},"9":{"start":{"line":14,"column":4},"end":{"line":14,"column":35}},"10":{"start":{"line":17,"column":0},"end":{"line":21,"column":2}},"11":{"start":{"line":18,"column":20},"end":{"line":18,"column":43}},"12":{"start":{"line":19,"column":18},"end":{"line":19,"column":41}},"13":{"start":{"line":20,"column":4},"end":{"line":20,"column":20}},"14":{"start":{"line":23,"column":0},"end":{"line":28,"column":2}},"15":{"start":{"line":24,"column":20},"end":{"line":24,"column":43}},"16":{"start":{"line":25,"column":18},"end":{"line":25,"column":41}},"17":{"start":{"line":26,"column":25},"end":{"line":26,"column":47}},"18":{"start":{"line":27,"column":4},"end":{"line":27,"column":27}},"19":{"start":{"line":30,"column":0},"end":{"line":30,"column":24}}},"fnMap":{"0":{"name":"(anonymous_0)","decl":{"start":{"line":6,"column":16},"end":{"line":6,"column":17}},"loc":{"start":{"line":6,"column":30},"end":{"line":9,"column":1}},"line":6},"1":{"name":"(anonymous_1)","decl":{"start":{"line":11,"column":17},"end":{"line":11,"column":18}},"loc":{"start":{"line":11,"column":30},"end":{"line":15,"column":1}},"line":11},"2":{"name":"(anonymous_2)","decl":{"start":{"line":17,"column":19},"end":{"line":17,"column":20}},"loc":{"start":{"line":17,"column":32},"end":{"line":21,"column":1}},"line":17},"3":{"name":"(anonymous_3)","decl":{"start":{"line":23,"column":21},"end":{"line":23,"column":22}},"loc":{"start":{"line":23,"column":34},"end":{"line":28,"column":1}},"line":23}},"branchMap":{},"s":{"0":1,"1":1,"2":1,"3":1,"4":1,"5":1,"6":1,"7":1,"8":1,"9":1,"10":1,"11":0,"12":0,"13":0,"14":1,"15":0,"16":0,"17":0,"18":0,"19":1},"f":{"0":1,"1":1,"2":0,"3":0},"b":{},"_coverageSchema":"1a1c01bbd47fc00a2c39e90264f33305004495a9","hash":"2f9a324c7a9351fffed9e05254969f5f0d72f11a"}
,"C:\\Users\\Elwin\\Documents\\Futureproof\\Course\\LAP_1\\Week_4\\project-journal\\server\\journal-server\\models\\entry.js": {"path":"C:\\Users\\Elwin\\Documents\\Futureproof\\Course\\LAP_1\\Week_4\\project-journal\\server\\journal-server\\models\\entry.js","statementMap":{"0":{"start":{"line":1,"column":20},"end":{"line":1,"column":38}},"1":{"start":{"line":5,"column":8},"end":{"line":5,"column":26}},"2":{"start":{"line":6,"column":8},"end":{"line":6,"column":36}},"3":{"start":{"line":7,"column":8},"end":{"line":7,"column":77}},"4":{"start":{"line":8,"column":8},"end":{"line":8,"column":44}},"5":{"start":{"line":13,"column":21},"end":{"line":13,"column":63}},"6":{"start":{"line":13,"column":46},"end":{"line":13,"column":62}},"7":{"start":{"line":14,"column":8},"end":{"line":14,"column":20}},"8":{"start":{"line":18,"column":8},"end":{"line":24,"column":9}},"9":{"start":{"line":19,"column":30},"end":{"line":19,"column":79}},"10":{"start":{"line":19,"column":60},"end":{"line":19,"column":75}},"11":{"start":{"line":20,"column":26},"end":{"line":20,"column":46}},"12":{"start":{"line":21,"column":12},"end":{"line":21,"column":25}},"13":{"start":{"line":23,"column":12},"end":{"line":23,"column":53}},"14":{"start":{"line":28,"column":22},"end":{"line":28,"column":44}},"15":{"start":{"line":29,"column":25},"end":{"line":29,"column":56}},"16":{"start":{"line":30,"column":8},"end":{"line":30,"column":35}},"17":{"start":{"line":31,"column":8},"end":{"line":31,"column":24}},"18":{"start":{"line":35,"column":22},"end":{"line":35,"column":76}},"19":{"start":{"line":35,"column":52},"end":{"line":35,"column":72}},"20":{"start":{"line":37,"column":8},"end":{"line":37,"column":46}},"21":{"start":{"line":39,"column":8},"end":{"line":41,"column":9}},"22":{"start":{"line":40,"column":12},"end":{"line":40,"column":59}},"23":{"start":{"line":43,"column":8},"end":{"line":43,"column":21}},"24":{"start":{"line":48,"column":8},"end":{"line":48,"column":42}},"25":{"start":{"line":48,"column":33},"end":{"line":48,"column":40}},"26":{"start":{"line":52,"column":0},"end":{"line":52,"column":23}}},"fnMap":{"0":{"name":"(anonymous_0)","decl":{"start":{"line":4,"column":4},"end":{"line":4,"column":5}},"loc":{"start":{"line":4,"column":22},"end":{"line":9,"column":5}},"line":4},"1":{"name":"(anonymous_1)","decl":{"start":{"line":12,"column":4},"end":{"line":12,"column":5}},"loc":{"start":{"line":12,"column":20},"end":{"line":15,"column":5}},"line":12},"2":{"name":"(anonymous_2)","decl":{"start":{"line":13,"column":37},"end":{"line":13,"column":38}},"loc":{"start":{"line":13,"column":46},"end":{"line":13,"column":62}},"line":13},"3":{"name":"(anonymous_3)","decl":{"start":{"line":17,"column":4},"end":{"line":17,"column":5}},"loc":{"start":{"line":17,"column":24},"end":{"line":25,"column":5}},"line":17},"4":{"name":"(anonymous_4)","decl":{"start":{"line":19,"column":49},"end":{"line":19,"column":50}},"loc":{"start":{"line":19,"column":60},"end":{"line":19,"column":75}},"line":19},"5":{"name":"(anonymous_5)","decl":{"start":{"line":27,"column":4},"end":{"line":27,"column":5}},"loc":{"start":{"line":27,"column":23},"end":{"line":32,"column":5}},"line":27},"6":{"name":"(anonymous_6)","decl":{"start":{"line":34,"column":4},"end":{"line":34,"column":5}},"loc":{"start":{"line":34,"column":16},"end":{"line":44,"column":5}},"line":34},"7":{"name":"(anonymous_7)","decl":{"start":{"line":35,"column":41},"end":{"line":35,"column":42}},"loc":{"start":{"line":35,"column":52},"end":{"line":35,"column":72}},"line":35},"8":{"name":"(anonymous_8)","decl":{"start":{"line":46,"column":4},"end":{"line":46,"column":5}},"loc":{"start":{"line":46,"column":22},"end":{"line":49,"column":5}},"line":46},"9":{"name":"(anonymous_9)","decl":{"start":{"line":48,"column":24},"end":{"line":48,"column":25}},"loc":{"start":{"line":48,"column":33},"end":{"line":48,"column":40}},"line":48}},"branchMap":{"0":{"loc":{"start":{"line":7,"column":22},"end":{"line":7,"column":76}},"type":"binary-expr","locations":[{"start":{"line":7,"column":22},"end":{"line":7,"column":33}},{"start":{"line":7,"column":37},"end":{"line":7,"column":76}}],"line":7},"1":{"loc":{"start":{"line":8,"column":24},"end":{"line":8,"column":43}},"type":"binary-expr","locations":[{"start":{"line":8,"column":24},"end":{"line":8,"column":37}},{"start":{"line":8,"column":41},"end":{"line":8,"column":43}}],"line":8},"2":{"loc":{"start":{"line":40,"column":35},"end":{"line":40,"column":58}},"type":"binary-expr","locations":[{"start":{"line":40,"column":35},"end":{"line":40,"column":53}},{"start":{"line":40,"column":57},"end":{"line":40,"column":58}}],"line":40}},"s":{"0":2,"1":5,"2":5,"3":5,"4":5,"5":2,"6":2,"7":2,"8":0,"9":0,"10":0,"11":0,"12":0,"13":0,"14":2,"15":2,"16":2,"17":2,"18":0,"19":0,"20":0,"21":0,"22":0,"23":0,"24":0,"25":0,"26":2},"f":{"0":5,"1":2,"2":2,"3":0,"4":0,"5":2,"6":0,"7":0,"8":0,"9":0},"b":{"0":[5,0],"1":[5,0],"2":[0,0]},"_coverageSchema":"1a1c01bbd47fc00a2c39e90264f33305004495a9","hash":"fb3c8e60b406eed95de4989eaec421af0ed3e55a"}
}
