TN:
SF:app.js
FN:12,(anonymous_0)
FNF:1
FNH:1
FNDA:1,(anonymous_0)
DA:1,1
DA:2,1
DA:3,1
DA:5,1
DA:6,1
DA:7,1
DA:9,1
DA:10,1
DA:12,1
DA:13,1
DA:19,1
LF:11
LH:11
BRF:0
BRH:0
end_of_record
TN:
SF:data.js
FNF:0
FNH:0
DA:1,2
DA:16,2
LF:2
LH:2
BRF:0
BRH:0
end_of_record
TN:
SF:controllers\entries.js
FN:6,(anonymous_0)
FN:11,(anonymous_1)
FN:17,(anonymous_2)
FN:23,(anonymous_3)
FNF:4
FNH:2
FNDA:1,(anonymous_0)
FNDA:1,(anonymous_1)
FNDA:0,(anonymous_2)
FNDA:0,(anonymous_3)
DA:1,1
DA:2,1
DA:4,1
DA:6,1
DA:7,1
DA:8,1
DA:11,1
DA:12,1
DA:13,1
DA:14,1
DA:17,1
DA:18,0
DA:19,0
DA:20,0
DA:23,1
DA:24,0
DA:25,0
DA:26,0
DA:27,0
DA:30,1
LF:20
LH:13
BRF:0
BRH:0
end_of_record
TN:
SF:models\entry.js
FN:4,(anonymous_0)
FN:12,(anonymous_1)
FN:13,(anonymous_2)
FN:17,(anonymous_3)
FN:19,(anonymous_4)
FN:27,(anonymous_5)
FN:34,(anonymous_6)
FN:35,(anonymous_7)
FN:46,(anonymous_8)
FN:48,(anonymous_9)
FNF:10
FNH:4
FNDA:5,(anonymous_0)
FNDA:2,(anonymous_1)
FNDA:2,(anonymous_2)
FNDA:0,(anonymous_3)
FNDA:0,(anonymous_4)
FNDA:2,(anonymous_5)
FNDA:0,(anonymous_6)
FNDA:0,(anonymous_7)
FNDA:0,(anonymous_8)
FNDA:0,(anonymous_9)
DA:1,2
DA:5,5
DA:6,5
DA:7,5
DA:8,5
DA:13,2
DA:14,2
DA:18,0
DA:19,0
DA:20,0
DA:21,0
DA:23,0
DA:28,2
DA:29,2
DA:30,2
DA:31,2
DA:35,0
DA:37,0
DA:39,0
DA:40,0
DA:43,0
DA:48,0
DA:52,2
LF:23
LH:12
BRDA:7,0,0,5
BRDA:7,0,1,0
BRDA:8,1,0,5
BRDA:8,1,1,0
BRDA:40,2,0,0
BRDA:40,2,1,0
BRF:6
BRH:2
end_of_record
